<?xml version="1.0" encoding="UTF-8"?>
<!-- Generated by org.testng.reporters.JUnitReportReporter -->
<testsuite skipped="0" hostname="DESKTOP-5OOK7S2" name="testCases.CreateAProduct" tests="1" failures="0" timestamp="2022-03-19T18:05:13 CDT" time="1.869" errors="0">
  <testcase name="createOneProduct" time="1.869" classname="testCases.CreateAProduct"/>
  <system-out/>
</testsuite> <!-- testCases.CreateAProduct -->
