<?xml version="1.0" encoding="UTF-8"?>
<!-- Generated by org.testng.reporters.JUnitReportReporter -->
<testsuite skipped="0" hostname="DESKTOP-5OOK7S2" name="testCases.UpdateAProduct" tests="2" failures="0" timestamp="2022-03-19T19:12:50 CDT" time="2.597" errors="0">
  <testcase name="createOneProduct" time="1.829" classname="testCases.UpdateAProduct"/>
  <system-out/>
  <testcase name="readOneProduct" time="0.768" classname="testCases.UpdateAProduct"/>
  <system-out/>
</testsuite> <!-- testCases.UpdateAProduct -->
