<?xml version="1.0" encoding="UTF-8"?>
<!-- Generated by org.testng.reporters.JUnitReportReporter -->
<testsuite skipped="0" hostname="DESKTOP-5OOK7S2" name="testCases.ReadAllProduct" tests="1" failures="0" timestamp="2022-03-19T19:16:55 CDT" time="2.134" errors="0">
  <testcase name="readAllProduct" time="2.134" classname="testCases.ReadAllProduct"/>
  <system-out/>
</testsuite> <!-- testCases.ReadAllProduct -->
