<?xml version="1.0" encoding="UTF-8"?>
<!-- Generated by org.testng.reporters.JUnitReportReporter -->
<testsuite skipped="0" hostname="DESKTOP-5OOK7S2" name="testCases.ReadOneProduct" tests="1" failures="0" timestamp="2022-03-19T18:09:10 CDT" time="1.749" errors="0">
  <testcase name="readOneProduct" time="1.749" classname="testCases.ReadOneProduct"/>
  <system-out/>
</testsuite> <!-- testCases.ReadOneProduct -->
